<?xml version="1.0" encoding="UTF-8"?>
<!-- Generated by org.testng.reporters.JUnitReportReporter -->
<testsuite hostname="Devyanshs-MBP.local" failures="0" tests="1" name="Snapengage_Cucumber.snapengage_Runner.MainRunner" time="11.673" errors="0" timestamp="2019-10-11T10:28:35 CEST" skipped="0">
  <testcase classname="Snapengage_Cucumber.snapengage_Runner.MainRunner" name="feature" time="11.673"/>
</testsuite> <!-- Snapengage_Cucumber.snapengage_Runner.MainRunner -->
